Using pre-set license
Built from '2020.3/release' branch; Version is '2020.3.7f1 (dd97f2c94397) revision 14522354'; Using compiler version '192528614'; Build Type 'Release'
OS: 'Windows 10 Pro; OS build 19041.1348; Version 2004; 64bit' Language: 'en' Physical Memory: 16318 MB
BatchMode: 1, IsHumanControllingUs: 0, StartBugReporterOnCrash: 0, Is64bit: 1, IsPro: 0

 COMMAND LINE ARGUMENTS:
C:\Program Files\Unity\Hub\Editor\2020.3.7f1\Editor\Unity.exe
-adb2
-batchMode
-noUpm
-name
AssetImportWorker3
-projectPath
D:/Documents/GitHub/PhatLootBreakoutTest
-logFile
Logs/AssetImportWorker3.log
-srvPort
60033
Successfully changed project path to: D:/Documents/GitHub/PhatLootBreakoutTest
D:/Documents/GitHub/PhatLootBreakoutTest
Using Asset Import Pipeline V2.
Refreshing native plugins compatible for Editor in 122.35 ms, found 0 plugins.
Preloading 0 native plugins for Editor in 0.00 ms.
Initialize engine version: 2020.3.7f1 (dd97f2c94397)
[Subsystems] Discovering subsystems at path C:/Program Files/Unity/Hub/Editor/2020.3.7f1/Editor/Data/Resources/UnitySubsystems
[Subsystems] Discovering subsystems at path D:/Documents/GitHub/PhatLootBreakoutTest/Assets
GfxDevice: creating device client; threaded=0
Direct3D:
    Version:  Direct3D 11.0 [level 11.1]
    Renderer: NVIDIA GeForce RTX 2060 (ID=0x1f08)
    Vendor:   
    VRAM:     5980 MB
    Driver:   30.0.14.7168
Initialize mono
Mono path[0] = 'C:/Program Files/Unity/Hub/Editor/2020.3.7f1/Editor/Data/Managed'
Mono path[1] = 'C:/Program Files/Unity/Hub/Editor/2020.3.7f1/Editor/Data/MonoBleedingEdge/lib/mono/unityjit'
Mono config path = 'C:/Program Files/Unity/Hub/Editor/2020.3.7f1/Editor/Data/MonoBleedingEdge/etc'
Using monoOptions --debugger-agent=transport=dt_socket,embedding=1,server=y,suspend=n,address=127.0.0.1:56620
Begin MonoManager ReloadAssembly
Registering precompiled unity dll's ...
Register platform support module: C:/Program Files/Unity/Hub/Editor/2020.3.7f1/Editor/Data/PlaybackEngines/WindowsStandaloneSupport/UnityEditor.WindowsStandalone.Extensions.dll
Registered in 0.004037 seconds.
Native extension for WindowsStandalone target not found
Refreshing native plugins compatible for Editor in 164.26 ms, found 0 plugins.
Preloading 0 native plugins for Editor in 0.00 ms.
Mono: successfully reloaded assembly
- Completed reload, in  7.122 seconds
Platform modules already initialized, skipping
Registering precompiled user dll's ...
Registered in 0.008183 seconds.
Begin MonoManager ReloadAssembly
Native extension for WindowsStandalone target not found
Refreshing native plugins compatible for Editor in 167.42 ms, found 0 plugins.
Preloading 0 native plugins for Editor in 0.00 ms.
Mono: successfully reloaded assembly
- Completed reload, in  3.276 seconds
Platform modules already initialized, skipping
========================================================================
Worker process is ready to serve import requests
Shader 'Universal Render Pipeline/Particles/Lit': fallback shader 'Universal Render Pipeline/Particles/SimpleLit' not found
Shader 'Universal Render Pipeline/Particles/Lit': fallback shader 'Universal Render Pipeline/Particles/SimpleLit' not found
Launched and connected shader compiler UnityShaderCompiler.exe after 0.48 seconds
Refreshing native plugins compatible for Editor in 1.48 ms, found 0 plugins.
Preloading 0 native plugins for Editor in 0.00 ms.
Unloading 3574 Unused Serialized files (Serialized files now loaded: 0)
System memory in use before: 161.0 MB.
System memory in use after: 158.3 MB.

Unloading 54 unused Assets to reduce memory usage. Loaded Objects now: 3994.
Total: 8.830500 ms (FindLiveObjects: 1.102400 ms CreateObjectMapping: 0.430900 ms MarkObjects: 4.298500 ms  DeleteObjects: 2.996100 ms)

========================================================================
Received Import Request.
  path: Assets/Resources/Prefabs/Ball.prefab
  artifactKey: Guid(a75c37198472669448deef2779ea1505) Importer(815301076,1909f56bfc062723c751e8b465ee728b)
Start importing Assets/Resources/Prefabs/Ball.prefab using Guid(a75c37198472669448deef2779ea1505) Importer(815301076,1909f56bfc062723c751e8b465ee728b)  -> (artifact id: '98d8c17cc0b4604e1a8f3dad02f02f98') in 2.128230 seconds
  Import took 2.159359 seconds .

========================================================================
Received Prepare
Shader 'Universal Render Pipeline/Particles/Lit': fallback shader 'Universal Render Pipeline/Particles/SimpleLit' not found
Shader 'Universal Render Pipeline/Particles/Lit': fallback shader 'Universal Render Pipeline/Particles/SimpleLit' not found
Refreshing native plugins compatible for Editor in 13.35 ms, found 0 plugins.
Preloading 0 native plugins for Editor in 0.00 ms.
Unloading 46 Unused Serialized files (Serialized files now loaded: 0)
System memory in use before: 89.2 MB.
System memory in use after: 86.5 MB.

Unloading 47 unused Assets to reduce memory usage. Loaded Objects now: 4067.
Total: 23.296400 ms (FindLiveObjects: 3.037300 ms CreateObjectMapping: 0.643600 ms MarkObjects: 13.554700 ms  DeleteObjects: 6.057400 ms)

========================================================================
Received Prepare
Registering precompiled user dll's ...
Registered in 0.011789 seconds.
Begin MonoManager ReloadAssembly
Native extension for WindowsStandalone target not found
Refreshing native plugins compatible for Editor in 2.13 ms, found 0 plugins.
Preloading 0 native plugins for Editor in 0.00 ms.
Mono: successfully reloaded assembly
- Completed reload, in  3.760 seconds
Platform modules already initialized, skipping
Shader 'Universal Render Pipeline/Particles/Lit': fallback shader 'Universal Render Pipeline/Particles/SimpleLit' not found
Shader 'Universal Render Pipeline/Particles/Lit': fallback shader 'Universal Render Pipeline/Particles/SimpleLit' not found
Refreshing native plugins compatible for Editor in 1.74 ms, found 0 plugins.
Preloading 0 native plugins for Editor in 0.00 ms.
Unloading 3444 Unused Serialized files (Serialized files now loaded: 0)
System memory in use before: 157.4 MB.
System memory in use after: 154.7 MB.

Unloading 49 unused Assets to reduce memory usage. Loaded Objects now: 4043.
Total: 11.018700 ms (FindLiveObjects: 0.921700 ms CreateObjectMapping: 0.494600 ms MarkObjects: 5.682200 ms  DeleteObjects: 3.916500 ms)

========================================================================
Received Prepare
Registering precompiled user dll's ...
Registered in 0.018067 seconds.
Begin MonoManager ReloadAssembly
Native extension for WindowsStandalone target not found
Refreshing native plugins compatible for Editor in 1.56 ms, found 0 plugins.
Preloading 0 native plugins for Editor in 0.00 ms.
Mono: successfully reloaded assembly
- Completed reload, in  3.407 seconds
Platform modules already initialized, skipping
Shader 'Universal Render Pipeline/Particles/Lit': fallback shader 'Universal Render Pipeline/Particles/SimpleLit' not found
Shader 'Universal Render Pipeline/Particles/Lit': fallback shader 'Universal Render Pipeline/Particles/SimpleLit' not found
Refreshing native plugins compatible for Editor in 0.95 ms, found 0 plugins.
Preloading 0 native plugins for Editor in 0.00 ms.
Unloading 3444 Unused Serialized files (Serialized files now loaded: 0)
System memory in use before: 157.5 MB.
System memory in use after: 154.8 MB.

Unloading 49 unused Assets to reduce memory usage. Loaded Objects now: 4046.
Total: 11.952000 ms (FindLiveObjects: 0.947700 ms CreateObjectMapping: 0.497500 ms MarkObjects: 6.026800 ms  DeleteObjects: 4.476900 ms)

========================================================================
Received Prepare
Registering precompiled user dll's ...
Registered in 0.019090 seconds.
Begin MonoManager ReloadAssembly
Native extension for WindowsStandalone target not found
Refreshing native plugins compatible for Editor in 1.21 ms, found 0 plugins.
Preloading 0 native plugins for Editor in 0.00 ms.
Mono: successfully reloaded assembly
- Completed reload, in  2.835 seconds
Platform modules already initialized, skipping
Shader 'Universal Render Pipeline/Particles/Lit': fallback shader 'Universal Render Pipeline/Particles/SimpleLit' not found
Shader 'Universal Render Pipeline/Particles/Lit': fallback shader 'Universal Render Pipeline/Particles/SimpleLit' not found
Refreshing native plugins compatible for Editor in 1.73 ms, found 0 plugins.
Preloading 0 native plugins for Editor in 0.00 ms.
Unloading 3444 Unused Serialized files (Serialized files now loaded: 0)
System memory in use before: 157.6 MB.
System memory in use after: 154.8 MB.

Unloading 49 unused Assets to reduce memory usage. Loaded Objects now: 4049.
Total: 11.721400 ms (FindLiveObjects: 1.150600 ms CreateObjectMapping: 0.398900 ms MarkObjects: 5.638900 ms  DeleteObjects: 4.530200 ms)

========================================================================
Received Prepare
Registering precompiled user dll's ...
Registered in 0.010382 seconds.
Begin MonoManager ReloadAssembly
Native extension for WindowsStandalone target not found
Refreshing native plugins compatible for Editor in 1.13 ms, found 0 plugins.
Preloading 0 native plugins for Editor in 0.00 ms.
Mono: successfully reloaded assembly
- Completed reload, in  3.821 seconds
Platform modules already initialized, skipping
Shader 'Universal Render Pipeline/Particles/Lit': fallback shader 'Universal Render Pipeline/Particles/SimpleLit' not found
Shader 'Universal Render Pipeline/Particles/Lit': fallback shader 'Universal Render Pipeline/Particles/SimpleLit' not found
Refreshing native plugins compatible for Editor in 1.77 ms, found 0 plugins.
Preloading 0 native plugins for Editor in 0.00 ms.
Unloading 3444 Unused Serialized files (Serialized files now loaded: 0)
System memory in use before: 157.5 MB.
System memory in use after: 154.8 MB.

Unloading 49 unused Assets to reduce memory usage. Loaded Objects now: 4052.
Total: 36.654300 ms (FindLiveObjects: 6.854400 ms CreateObjectMapping: 0.733000 ms MarkObjects: 21.032200 ms  DeleteObjects: 8.030700 ms)

========================================================================
Received Prepare
Registering precompiled user dll's ...
Registered in 0.017740 seconds.
Begin MonoManager ReloadAssembly
Native extension for WindowsStandalone target not found
Refreshing native plugins compatible for Editor in 0.84 ms, found 0 plugins.
Preloading 0 native plugins for Editor in 0.00 ms.
Mono: successfully reloaded assembly
- Completed reload, in  2.126 seconds
Platform modules already initialized, skipping
Shader 'Universal Render Pipeline/Particles/Lit': fallback shader 'Universal Render Pipeline/Particles/SimpleLit' not found
Shader 'Universal Render Pipeline/Particles/Lit': fallback shader 'Universal Render Pipeline/Particles/SimpleLit' not found
Refreshing native plugins compatible for Editor in 0.94 ms, found 0 plugins.
Preloading 0 native plugins for Editor in 0.00 ms.
Unloading 3444 Unused Serialized files (Serialized files now loaded: 0)
System memory in use before: 157.5 MB.
System memory in use after: 154.8 MB.

Unloading 49 unused Assets to reduce memory usage. Loaded Objects now: 4055.
Total: 9.532200 ms (FindLiveObjects: 1.053700 ms CreateObjectMapping: 0.465400 ms MarkObjects: 5.733800 ms  DeleteObjects: 2.275600 ms)

========================================================================
Received Prepare
Registering precompiled user dll's ...
Registered in 0.007727 seconds.
Begin MonoManager ReloadAssembly
Native extension for WindowsStandalone target not found
Refreshing native plugins compatible for Editor in 0.92 ms, found 0 plugins.
Preloading 0 native plugins for Editor in 0.00 ms.
Mono: successfully reloaded assembly
- Completed reload, in  2.685 seconds
Platform modules already initialized, skipping
Shader 'Universal Render Pipeline/Particles/Lit': fallback shader 'Universal Render Pipeline/Particles/SimpleLit' not found
Shader 'Universal Render Pipeline/Particles/Lit': fallback shader 'Universal Render Pipeline/Particles/SimpleLit' not found
Refreshing native plugins compatible for Editor in 0.95 ms, found 0 plugins.
Preloading 0 native plugins for Editor in 0.00 ms.
Unloading 3444 Unused Serialized files (Serialized files now loaded: 0)
System memory in use before: 157.5 MB.
System memory in use after: 154.8 MB.

Unloading 49 unused Assets to reduce memory usage. Loaded Objects now: 4058.
Total: 10.980000 ms (FindLiveObjects: 1.044400 ms CreateObjectMapping: 0.434200 ms MarkObjects: 5.919900 ms  DeleteObjects: 3.578700 ms)

========================================================================
Received Prepare
Registering precompiled user dll's ...
Registered in 0.013661 seconds.
Begin MonoManager ReloadAssembly
Native extension for WindowsStandalone target not found
Refreshing native plugins compatible for Editor in 2.22 ms, found 0 plugins.
Preloading 0 native plugins for Editor in 0.00 ms.
Mono: successfully reloaded assembly
- Completed reload, in  5.700 seconds
Platform modules already initialized, skipping
Shader 'Universal Render Pipeline/Particles/Lit': fallback shader 'Universal Render Pipeline/Particles/SimpleLit' not found
Shader 'Universal Render Pipeline/Particles/Lit': fallback shader 'Universal Render Pipeline/Particles/SimpleLit' not found
Refreshing native plugins compatible for Editor in 1.39 ms, found 0 plugins.
Preloading 0 native plugins for Editor in 0.00 ms.
Unloading 3444 Unused Serialized files (Serialized files now loaded: 0)
System memory in use before: 157.5 MB.
System memory in use after: 154.8 MB.

Unloading 49 unused Assets to reduce memory usage. Loaded Objects now: 4061.
Total: 13.010900 ms (FindLiveObjects: 0.967000 ms CreateObjectMapping: 0.436900 ms MarkObjects: 5.955900 ms  DeleteObjects: 5.647800 ms)

========================================================================
Received Prepare
Registering precompiled user dll's ...
Registered in 0.011983 seconds.
Begin MonoManager ReloadAssembly
Native extension for WindowsStandalone target not found
Refreshing native plugins compatible for Editor in 2.47 ms, found 0 plugins.
Preloading 0 native plugins for Editor in 0.00 ms.
Mono: successfully reloaded assembly
- Completed reload, in  3.441 seconds
Platform modules already initialized, skipping
Shader 'Universal Render Pipeline/Particles/Lit': fallback shader 'Universal Render Pipeline/Particles/SimpleLit' not found
Shader 'Universal Render Pipeline/Particles/Lit': fallback shader 'Universal Render Pipeline/Particles/SimpleLit' not found
Refreshing native plugins compatible for Editor in 1.53 ms, found 0 plugins.
Preloading 0 native plugins for Editor in 0.00 ms.
Unloading 3444 Unused Serialized files (Serialized files now loaded: 0)
System memory in use before: 157.6 MB.
System memory in use after: 154.8 MB.

Unloading 49 unused Assets to reduce memory usage. Loaded Objects now: 4064.
Total: 10.408700 ms (FindLiveObjects: 1.007700 ms CreateObjectMapping: 0.564300 ms MarkObjects: 5.184400 ms  DeleteObjects: 3.648600 ms)

========================================================================
Received Prepare
Registering precompiled user dll's ...
Registered in 0.017028 seconds.
Begin MonoManager ReloadAssembly
Native extension for WindowsStandalone target not found
Refreshing native plugins compatible for Editor in 1.10 ms, found 0 plugins.
Preloading 0 native plugins for Editor in 0.00 ms.
Mono: successfully reloaded assembly
- Completed reload, in  2.451 seconds
Platform modules already initialized, skipping
Shader 'Universal Render Pipeline/Particles/Lit': fallback shader 'Universal Render Pipeline/Particles/SimpleLit' not found
Shader 'Universal Render Pipeline/Particles/Lit': fallback shader 'Universal Render Pipeline/Particles/SimpleLit' not found
Refreshing native plugins compatible for Editor in 0.87 ms, found 0 plugins.
Preloading 0 native plugins for Editor in 0.00 ms.
Unloading 3444 Unused Serialized files (Serialized files now loaded: 0)
System memory in use before: 157.6 MB.
System memory in use after: 154.9 MB.

Unloading 49 unused Assets to reduce memory usage. Loaded Objects now: 4067.
Total: 9.340200 ms (FindLiveObjects: 0.947800 ms CreateObjectMapping: 0.393600 ms MarkObjects: 4.876000 ms  DeleteObjects: 3.121000 ms)

========================================================================
Received Prepare
Registering precompiled user dll's ...
Registered in 0.013255 seconds.
Begin MonoManager ReloadAssembly
Native extension for WindowsStandalone target not found
Refreshing native plugins compatible for Editor in 1.62 ms, found 0 plugins.
Preloading 0 native plugins for Editor in 0.00 ms.
Mono: successfully reloaded assembly
- Completed reload, in  6.378 seconds
Platform modules already initialized, skipping
Shader 'Universal Render Pipeline/Particles/Lit': fallback shader 'Universal Render Pipeline/Particles/SimpleLit' not found
Shader 'Universal Render Pipeline/Particles/Lit': fallback shader 'Universal Render Pipeline/Particles/SimpleLit' not found
Refreshing native plugins compatible for Editor in 1.40 ms, found 0 plugins.
Preloading 0 native plugins for Editor in 0.00 ms.
Unloading 3444 Unused Serialized files (Serialized files now loaded: 0)
System memory in use before: 157.6 MB.
System memory in use after: 154.9 MB.

Unloading 49 unused Assets to reduce memory usage. Loaded Objects now: 4070.
Total: 9.984600 ms (FindLiveObjects: 0.965000 ms CreateObjectMapping: 0.482500 ms MarkObjects: 4.227100 ms  DeleteObjects: 4.306400 ms)

========================================================================
Received Prepare
Registering precompiled user dll's ...
Registered in 0.009026 seconds.
Begin MonoManager ReloadAssembly
Native extension for WindowsStandalone target not found
Refreshing native plugins compatible for Editor in 2.31 ms, found 0 plugins.
Preloading 0 native plugins for Editor in 0.00 ms.
Mono: successfully reloaded assembly
- Completed reload, in  4.925 seconds
Platform modules already initialized, skipping
Shader 'Universal Render Pipeline/Particles/Lit': fallback shader 'Universal Render Pipeline/Particles/SimpleLit' not found
Shader 'Universal Render Pipeline/Particles/Lit': fallback shader 'Universal Render Pipeline/Particles/SimpleLit' not found
Refreshing native plugins compatible for Editor in 1.90 ms, found 0 plugins.
Preloading 0 native plugins for Editor in 0.00 ms.
Unloading 3444 Unused Serialized files (Serialized files now loaded: 0)
System memory in use before: 157.5 MB.
System memory in use after: 154.9 MB.

Unloading 49 unused Assets to reduce memory usage. Loaded Objects now: 4073.
Total: 15.838500 ms (FindLiveObjects: 0.830600 ms CreateObjectMapping: 2.399100 ms MarkObjects: 5.748600 ms  DeleteObjects: 6.856900 ms)

========================================================================
Received Prepare
Registering precompiled user dll's ...
Registered in 0.007980 seconds.
Begin MonoManager ReloadAssembly
Native extension for WindowsStandalone target not found
Refreshing native plugins compatible for Editor in 1.32 ms, found 0 plugins.
Preloading 0 native plugins for Editor in 0.00 ms.
Mono: successfully reloaded assembly
- Completed reload, in  2.445 seconds
Platform modules already initialized, skipping
Shader 'Universal Render Pipeline/Particles/Lit': fallback shader 'Universal Render Pipeline/Particles/SimpleLit' not found
Shader 'Universal Render Pipeline/Particles/Lit': fallback shader 'Universal Render Pipeline/Particles/SimpleLit' not found
Refreshing native plugins compatible for Editor in 1.09 ms, found 0 plugins.
Preloading 0 native plugins for Editor in 0.00 ms.
Unloading 3444 Unused Serialized files (Serialized files now loaded: 0)
System memory in use before: 157.6 MB.
System memory in use after: 154.9 MB.

Unloading 49 unused Assets to reduce memory usage. Loaded Objects now: 4076.
Total: 9.527800 ms (FindLiveObjects: 0.692200 ms CreateObjectMapping: 0.365500 ms MarkObjects: 5.035600 ms  DeleteObjects: 3.432300 ms)

========================================================================
Received Prepare
Registering precompiled user dll's ...
Registered in 0.008190 seconds.
Begin MonoManager ReloadAssembly
Native extension for WindowsStandalone target not found
Refreshing native plugins compatible for Editor in 1.49 ms, found 0 plugins.
Preloading 0 native plugins for Editor in 0.00 ms.
Mono: successfully reloaded assembly
- Completed reload, in  5.178 seconds
Platform modules already initialized, skipping
Shader 'Universal Render Pipeline/Particles/Lit': fallback shader 'Universal Render Pipeline/Particles/SimpleLit' not found
Shader 'Universal Render Pipeline/Particles/Lit': fallback shader 'Universal Render Pipeline/Particles/SimpleLit' not found
Refreshing native plugins compatible for Editor in 1.79 ms, found 0 plugins.
Preloading 0 native plugins for Editor in 0.00 ms.
Unloading 3444 Unused Serialized files (Serialized files now loaded: 0)
System memory in use before: 157.6 MB.
System memory in use after: 154.9 MB.

Unloading 49 unused Assets to reduce memory usage. Loaded Objects now: 4079.
Total: 14.003500 ms (FindLiveObjects: 3.632700 ms CreateObjectMapping: 1.664300 ms MarkObjects: 5.002200 ms  DeleteObjects: 3.700600 ms)

========================================================================
Received Prepare
Registering precompiled user dll's ...
Registered in 0.010237 seconds.
Begin MonoManager ReloadAssembly
Native extension for WindowsStandalone target not found
Refreshing native plugins compatible for Editor in 1.95 ms, found 0 plugins.
Preloading 0 native plugins for Editor in 0.00 ms.
Mono: successfully reloaded assembly
- Completed reload, in  7.444 seconds
Platform modules already initialized, skipping
Shader 'Universal Render Pipeline/Particles/Lit': fallback shader 'Universal Render Pipeline/Particles/SimpleLit' not found
Shader 'Universal Render Pipeline/Particles/Lit': fallback shader 'Universal Render Pipeline/Particles/SimpleLit' not found
Refreshing native plugins compatible for Editor in 1.91 ms, found 0 plugins.
Preloading 0 native plugins for Editor in 0.00 ms.
Unloading 3444 Unused Serialized files (Serialized files now loaded: 0)
System memory in use before: 157.6 MB.
System memory in use after: 154.9 MB.

Unloading 49 unused Assets to reduce memory usage. Loaded Objects now: 4082.
Total: 18.801900 ms (FindLiveObjects: 1.317500 ms CreateObjectMapping: 0.641000 ms MarkObjects: 6.565800 ms  DeleteObjects: 10.273000 ms)

========================================================================
Received Prepare
Registering precompiled user dll's ...
Registered in 0.010378 seconds.
Begin MonoManager ReloadAssembly
Native extension for WindowsStandalone target not found
Refreshing native plugins compatible for Editor in 0.93 ms, found 0 plugins.
Preloading 0 native plugins for Editor in 0.00 ms.
Mono: successfully reloaded assembly
- Completed reload, in  2.452 seconds
Platform modules already initialized, skipping
Shader 'Universal Render Pipeline/Particles/Lit': fallback shader 'Universal Render Pipeline/Particles/SimpleLit' not found
Shader 'Universal Render Pipeline/Particles/Lit': fallback shader 'Universal Render Pipeline/Particles/SimpleLit' not found
Refreshing native plugins compatible for Editor in 0.93 ms, found 0 plugins.
Preloading 0 native plugins for Editor in 0.00 ms.
Unloading 3444 Unused Serialized files (Serialized files now loaded: 0)
System memory in use before: 157.6 MB.
System memory in use after: 154.9 MB.

Unloading 49 unused Assets to reduce memory usage. Loaded Objects now: 4085.
Total: 14.376800 ms (FindLiveObjects: 4.740000 ms CreateObjectMapping: 0.503000 ms MarkObjects: 5.832500 ms  DeleteObjects: 3.298300 ms)

========================================================================
Received Import Request.
  Time since last request: 1578.425594 seconds.
  path: Assets/Resources/Prefabs/PlayerObj.prefab
  artifactKey: Guid(bc33828c72934d442acb63b5ecae490e) Importer(815301076,1909f56bfc062723c751e8b465ee728b)
Start importing Assets/Resources/Prefabs/PlayerObj.prefab using Guid(bc33828c72934d442acb63b5ecae490e) Importer(815301076,1909f56bfc062723c751e8b465ee728b)  -> (artifact id: 'af16b2a4f9c2b4ba9c5772dd40a96998') in 0.864823 seconds
  Import took 0.890474 seconds .

========================================================================
Received Prepare
Registering precompiled user dll's ...
Registered in 0.006642 seconds.
Begin MonoManager ReloadAssembly
Native extension for WindowsStandalone target not found
Refreshing native plugins compatible for Editor in 1.16 ms, found 0 plugins.
Preloading 0 native plugins for Editor in 0.00 ms.
Mono: successfully reloaded assembly
- Completed reload, in  2.521 seconds
Platform modules already initialized, skipping
Shader 'Universal Render Pipeline/Particles/Lit': fallback shader 'Universal Render Pipeline/Particles/SimpleLit' not found
Shader 'Universal Render Pipeline/Particles/Lit': fallback shader 'Universal Render Pipeline/Particles/SimpleLit' not found
Refreshing native plugins compatible for Editor in 1.17 ms, found 0 plugins.
Preloading 0 native plugins for Editor in 0.00 ms.
Unloading 3444 Unused Serialized files (Serialized files now loaded: 0)
System memory in use before: 157.8 MB.
System memory in use after: 155.1 MB.

Unloading 50 unused Assets to reduce memory usage. Loaded Objects now: 4125.
Total: 23.648200 ms (FindLiveObjects: 0.835600 ms CreateObjectMapping: 0.486200 ms MarkObjects: 8.723300 ms  DeleteObjects: 13.600200 ms)

========================================================================
Received Import Request.
  Time since last request: 54.617551 seconds.
  path: Assets/Resources/Prefabs/Ball.prefab
  artifactKey: Guid(a75c37198472669448deef2779ea1505) Importer(815301076,1909f56bfc062723c751e8b465ee728b)
Start importing Assets/Resources/Prefabs/Ball.prefab using Guid(a75c37198472669448deef2779ea1505) Importer(815301076,1909f56bfc062723c751e8b465ee728b)  -> (artifact id: '9fe609a42c444c3588572b8ac45dc4c5') in 0.604477 seconds
  Import took 0.645221 seconds .

========================================================================
Received Import Request.
  Time since last request: 0.000311 seconds.
  path: Assets/Resources/Prefabs/PlayerObj.prefab
  artifactKey: Guid(bc33828c72934d442acb63b5ecae490e) Importer(815301076,1909f56bfc062723c751e8b465ee728b)
Start importing Assets/Resources/Prefabs/PlayerObj.prefab using Guid(bc33828c72934d442acb63b5ecae490e) Importer(815301076,1909f56bfc062723c751e8b465ee728b)  -> (artifact id: 'edd0786619efd378506c7b832ffd6d2d') in 0.055934 seconds
  Import took 0.071592 seconds .

========================================================================
Received Import Request.
  Time since last request: 0.000339 seconds.
  path: Assets/Resources/Prefabs/Paddle.prefab
  artifactKey: Guid(fa20b2945176fc54c9b8ba99678a08e1) Importer(815301076,1909f56bfc062723c751e8b465ee728b)
Start importing Assets/Resources/Prefabs/Paddle.prefab using Guid(fa20b2945176fc54c9b8ba99678a08e1) Importer(815301076,1909f56bfc062723c751e8b465ee728b)  -> (artifact id: '27bfa4f8cb019c6210f801d50d529a73') in 0.069464 seconds
  Import took 0.083066 seconds .

========================================================================
Received Import Request.
  Time since last request: 11.384159 seconds.
  path: Assets/Resources/Prefabs/PlayerObj.prefab
  artifactKey: Guid(bc33828c72934d442acb63b5ecae490e) Importer(815301076,1909f56bfc062723c751e8b465ee728b)
Start importing Assets/Resources/Prefabs/PlayerObj.prefab using Guid(bc33828c72934d442acb63b5ecae490e) Importer(815301076,1909f56bfc062723c751e8b465ee728b)  -> (artifact id: '6f9a51a1b1b6c7f93505982c05caf8d5') in 0.067358 seconds
  Import took 0.089068 seconds .

========================================================================
Received Prepare
Registering precompiled user dll's ...
Registered in 0.010603 seconds.
Begin MonoManager ReloadAssembly
Native extension for WindowsStandalone target not found
Refreshing native plugins compatible for Editor in 2.52 ms, found 0 plugins.
Preloading 0 native plugins for Editor in 0.00 ms.
Mono: successfully reloaded assembly
- Completed reload, in  3.877 seconds
Platform modules already initialized, skipping
Shader 'Universal Render Pipeline/Particles/Lit': fallback shader 'Universal Render Pipeline/Particles/SimpleLit' not found
Shader 'Universal Render Pipeline/Particles/Lit': fallback shader 'Universal Render Pipeline/Particles/SimpleLit' not found
Refreshing native plugins compatible for Editor in 1.83 ms, found 0 plugins.
Preloading 0 native plugins for Editor in 0.00 ms.
Unloading 3444 Unused Serialized files (Serialized files now loaded: 0)
System memory in use before: 157.9 MB.
System memory in use after: 155.2 MB.

Unloading 50 unused Assets to reduce memory usage. Loaded Objects now: 4164.
Total: 26.790100 ms (FindLiveObjects: 1.097800 ms CreateObjectMapping: 1.476700 ms MarkObjects: 13.096700 ms  DeleteObjects: 11.115400 ms)

========================================================================
Received Prepare
Registering precompiled user dll's ...
Registered in 0.008778 seconds.
Begin MonoManager ReloadAssembly
Native extension for WindowsStandalone target not found
Refreshing native plugins compatible for Editor in 0.88 ms, found 0 plugins.
Preloading 0 native plugins for Editor in 0.00 ms.
Mono: successfully reloaded assembly
- Completed reload, in  3.178 seconds
Platform modules already initialized, skipping
Shader 'Universal Render Pipeline/Particles/Lit': fallback shader 'Universal Render Pipeline/Particles/SimpleLit' not found
Shader 'Universal Render Pipeline/Particles/Lit': fallback shader 'Universal Render Pipeline/Particles/SimpleLit' not found
Refreshing native plugins compatible for Editor in 0.92 ms, found 0 plugins.
Preloading 0 native plugins for Editor in 0.00 ms.
Unloading 3444 Unused Serialized files (Serialized files now loaded: 0)
System memory in use before: 157.9 MB.
System memory in use after: 155.2 MB.

Unloading 49 unused Assets to reduce memory usage. Loaded Objects now: 4167.
Total: 11.216900 ms (FindLiveObjects: 0.540000 ms CreateObjectMapping: 0.517600 ms MarkObjects: 6.545300 ms  DeleteObjects: 3.611700 ms)

========================================================================
Received Prepare
Registering precompiled user dll's ...
Registered in 0.007811 seconds.
Begin MonoManager ReloadAssembly
Native extension for WindowsStandalone target not found
Refreshing native plugins compatible for Editor in 1.27 ms, found 0 plugins.
Preloading 0 native plugins for Editor in 0.00 ms.
Mono: successfully reloaded assembly
- Completed reload, in  2.754 seconds
Platform modules already initialized, skipping
Shader 'Universal Render Pipeline/Particles/Lit': fallback shader 'Universal Render Pipeline/Particles/SimpleLit' not found
Shader 'Universal Render Pipeline/Particles/Lit': fallback shader 'Universal Render Pipeline/Particles/SimpleLit' not found
Refreshing native plugins compatible for Editor in 1.03 ms, found 0 plugins.
Preloading 0 native plugins for Editor in 0.00 ms.
Unloading 3444 Unused Serialized files (Serialized files now loaded: 0)
System memory in use before: 157.9 MB.
System memory in use after: 155.2 MB.

Unloading 49 unused Assets to reduce memory usage. Loaded Objects now: 4170.
Total: 8.470800 ms (FindLiveObjects: 0.672000 ms CreateObjectMapping: 0.306800 ms MarkObjects: 3.805000 ms  DeleteObjects: 3.683300 ms)

========================================================================
Received Prepare
Registering precompiled user dll's ...
Registered in 0.010814 seconds.
Begin MonoManager ReloadAssembly
Native extension for WindowsStandalone target not found
Refreshing native plugins compatible for Editor in 2.23 ms, found 0 plugins.
Preloading 0 native plugins for Editor in 0.00 ms.
Mono: successfully reloaded assembly
- Completed reload, in  4.562 seconds
Platform modules already initialized, skipping
Shader 'Universal Render Pipeline/Particles/Lit': fallback shader 'Universal Render Pipeline/Particles/SimpleLit' not found
Shader 'Universal Render Pipeline/Particles/Lit': fallback shader 'Universal Render Pipeline/Particles/SimpleLit' not found
Refreshing native plugins compatible for Editor in 4.90 ms, found 0 plugins.
Preloading 0 native plugins for Editor in 0.00 ms.
Unloading 3444 Unused Serialized files (Serialized files now loaded: 0)
System memory in use before: 157.9 MB.
System memory in use after: 155.2 MB.

Unloading 49 unused Assets to reduce memory usage. Loaded Objects now: 4173.
Total: 18.631900 ms (FindLiveObjects: 1.506500 ms CreateObjectMapping: 0.697100 ms MarkObjects: 12.413100 ms  DeleteObjects: 3.943300 ms)

========================================================================
Received Prepare
Registering precompiled user dll's ...
Registered in 0.022764 seconds.
Begin MonoManager ReloadAssembly
Native extension for WindowsStandalone target not found
Refreshing native plugins compatible for Editor in 0.91 ms, found 0 plugins.
Preloading 0 native plugins for Editor in 0.00 ms.
Mono: successfully reloaded assembly
- Completed reload, in  5.550 seconds
Platform modules already initialized, skipping
Shader 'Universal Render Pipeline/Particles/Lit': fallback shader 'Universal Render Pipeline/Particles/SimpleLit' not found
Shader 'Universal Render Pipeline/Particles/Lit': fallback shader 'Universal Render Pipeline/Particles/SimpleLit' not found
Refreshing native plugins compatible for Editor in 1.00 ms, found 0 plugins.
Preloading 0 native plugins for Editor in 0.00 ms.
Unloading 3444 Unused Serialized files (Serialized files now loaded: 0)
System memory in use before: 158.0 MB.
System memory in use after: 155.2 MB.

Unloading 49 unused Assets to reduce memory usage. Loaded Objects now: 4176.
Total: 7.602800 ms (FindLiveObjects: 0.498400 ms CreateObjectMapping: 0.285000 ms MarkObjects: 4.280300 ms  DeleteObjects: 2.536200 ms)

========================================================================
Received Prepare
Registering precompiled user dll's ...
Registered in 0.007568 seconds.
Begin MonoManager ReloadAssembly
Native extension for WindowsStandalone target not found
Refreshing native plugins compatible for Editor in 0.87 ms, found 0 plugins.
Preloading 0 native plugins for Editor in 0.00 ms.
Mono: successfully reloaded assembly
- Completed reload, in  2.536 seconds
Platform modules already initialized, skipping
Shader 'Universal Render Pipeline/Particles/Lit': fallback shader 'Universal Render Pipeline/Particles/SimpleLit' not found
Shader 'Universal Render Pipeline/Particles/Lit': fallback shader 'Universal Render Pipeline/Particles/SimpleLit' not found
Refreshing native plugins compatible for Editor in 2.41 ms, found 0 plugins.
Preloading 0 native plugins for Editor in 0.00 ms.
Unloading 3444 Unused Serialized files (Serialized files now loaded: 0)
System memory in use before: 157.9 MB.
System memory in use after: 155.2 MB.

Unloading 49 unused Assets to reduce memory usage. Loaded Objects now: 4179.
Total: 8.550200 ms (FindLiveObjects: 0.788700 ms CreateObjectMapping: 0.395100 ms MarkObjects: 3.918800 ms  DeleteObjects: 3.444600 ms)

========================================================================
Received Prepare
Registering precompiled user dll's ...
Registered in 0.010614 seconds.
Begin MonoManager ReloadAssembly
Native extension for WindowsStandalone target not found
Refreshing native plugins compatible for Editor in 1.45 ms, found 0 plugins.
Preloading 0 native plugins for Editor in 0.00 ms.
Mono: successfully reloaded assembly
- Completed reload, in  4.543 seconds
Platform modules already initialized, skipping
Shader 'Universal Render Pipeline/Particles/Lit': fallback shader 'Universal Render Pipeline/Particles/SimpleLit' not found
Shader 'Universal Render Pipeline/Particles/Lit': fallback shader 'Universal Render Pipeline/Particles/SimpleLit' not found
Refreshing native plugins compatible for Editor in 1.04 ms, found 0 plugins.
Preloading 0 native plugins for Editor in 0.00 ms.
Unloading 3444 Unused Serialized files (Serialized files now loaded: 0)
System memory in use before: 157.9 MB.
System memory in use after: 155.2 MB.

Unloading 49 unused Assets to reduce memory usage. Loaded Objects now: 4182.
Total: 12.152400 ms (FindLiveObjects: 1.164300 ms CreateObjectMapping: 0.541400 ms MarkObjects: 6.926200 ms  DeleteObjects: 3.517200 ms)

========================================================================
Received Prepare
Registering precompiled user dll's ...
Registered in 0.027904 seconds.
Begin MonoManager ReloadAssembly
Native extension for WindowsStandalone target not found
Refreshing native plugins compatible for Editor in 2.74 ms, found 0 plugins.
Preloading 0 native plugins for Editor in 0.00 ms.
Mono: successfully reloaded assembly
- Completed reload, in  8.520 seconds
Platform modules already initialized, skipping
Shader 'Universal Render Pipeline/Particles/Lit': fallback shader 'Universal Render Pipeline/Particles/SimpleLit' not found
Shader 'Universal Render Pipeline/Particles/Lit': fallback shader 'Universal Render Pipeline/Particles/SimpleLit' not found
Refreshing native plugins compatible for Editor in 2.40 ms, found 0 plugins.
Preloading 0 native plugins for Editor in 0.00 ms.
Unloading 3444 Unused Serialized files (Serialized files now loaded: 0)
System memory in use before: 157.9 MB.
System memory in use after: 155.2 MB.

Unloading 49 unused Assets to reduce memory usage. Loaded Objects now: 4185.
Total: 15.016000 ms (FindLiveObjects: 1.156700 ms CreateObjectMapping: 0.674000 ms MarkObjects: 7.909600 ms  DeleteObjects: 5.272000 ms)

========================================================================
Received Prepare
Registering precompiled user dll's ...
Registered in 0.016308 seconds.
Begin MonoManager ReloadAssembly
Native extension for WindowsStandalone target not found
Refreshing native plugins compatible for Editor in 1.64 ms, found 0 plugins.
Preloading 0 native plugins for Editor in 0.00 ms.
Mono: successfully reloaded assembly
- Completed reload, in  4.167 seconds
Platform modules already initialized, skipping
Shader 'Universal Render Pipeline/Particles/Lit': fallback shader 'Universal Render Pipeline/Particles/SimpleLit' not found
Shader 'Universal Render Pipeline/Particles/Lit': fallback shader 'Universal Render Pipeline/Particles/SimpleLit' not found
Refreshing native plugins compatible for Editor in 2.30 ms, found 0 plugins.
Preloading 0 native plugins for Editor in 0.00 ms.
Unloading 3444 Unused Serialized files (Serialized files now loaded: 0)
System memory in use before: 158.0 MB.
System memory in use after: 155.2 MB.

Unloading 49 unused Assets to reduce memory usage. Loaded Objects now: 4188.
Total: 28.177400 ms (FindLiveObjects: 4.999700 ms CreateObjectMapping: 0.592500 ms MarkObjects: 10.599000 ms  DeleteObjects: 11.983900 ms)

========================================================================
Received Prepare
Registering precompiled user dll's ...
Registered in 0.011017 seconds.
Begin MonoManager ReloadAssembly
Native extension for WindowsStandalone target not found
Refreshing native plugins compatible for Editor in 1.61 ms, found 0 plugins.
Preloading 0 native plugins for Editor in 0.00 ms.
Mono: successfully reloaded assembly
- Completed reload, in  5.184 seconds
Platform modules already initialized, skipping
Shader 'Universal Render Pipeline/Particles/Lit': fallback shader 'Universal Render Pipeline/Particles/SimpleLit' not found
Shader 'Universal Render Pipeline/Particles/Lit': fallback shader 'Universal Render Pipeline/Particles/SimpleLit' not found
Refreshing native plugins compatible for Editor in 1.08 ms, found 0 plugins.
Preloading 0 native plugins for Editor in 0.00 ms.
Unloading 3444 Unused Serialized files (Serialized files now loaded: 0)
System memory in use before: 158.0 MB.
System memory in use after: 155.2 MB.

Unloading 49 unused Assets to reduce memory usage. Loaded Objects now: 4191.
Total: 12.290600 ms (FindLiveObjects: 0.860500 ms CreateObjectMapping: 0.374000 ms MarkObjects: 5.384400 ms  DeleteObjects: 5.668700 ms)

========================================================================
Received Prepare
Registering precompiled user dll's ...
Registered in 0.023030 seconds.
Begin MonoManager ReloadAssembly
Native extension for WindowsStandalone target not found
Refreshing native plugins compatible for Editor in 2.75 ms, found 0 plugins.
Preloading 0 native plugins for Editor in 0.00 ms.
Mono: successfully reloaded assembly
- Completed reload, in  7.732 seconds
Platform modules already initialized, skipping
Shader 'Universal Render Pipeline/Particles/Lit': fallback shader 'Universal Render Pipeline/Particles/SimpleLit' not found
Shader 'Universal Render Pipeline/Particles/Lit': fallback shader 'Universal Render Pipeline/Particles/SimpleLit' not found
Refreshing native plugins compatible for Editor in 2.38 ms, found 0 plugins.
Preloading 0 native plugins for Editor in 0.00 ms.
Unloading 3444 Unused Serialized files (Serialized files now loaded: 0)
System memory in use before: 158.0 MB.
System memory in use after: 155.2 MB.

Unloading 49 unused Assets to reduce memory usage. Loaded Objects now: 4194.
Total: 11.893300 ms (FindLiveObjects: 1.490200 ms CreateObjectMapping: 0.850900 ms MarkObjects: 6.122600 ms  DeleteObjects: 3.425300 ms)

========================================================================
Received Prepare
Registering precompiled user dll's ...
Registered in 0.022509 seconds.
Begin MonoManager ReloadAssembly
Native extension for WindowsStandalone target not found
Refreshing native plugins compatible for Editor in 3.48 ms, found 0 plugins.
Preloading 0 native plugins for Editor in 0.00 ms.
Mono: successfully reloaded assembly
- Completed reload, in  3.593 seconds
Platform modules already initialized, skipping
Shader 'Universal Render Pipeline/Particles/Lit': fallback shader 'Universal Render Pipeline/Particles/SimpleLit' not found
Shader 'Universal Render Pipeline/Particles/Lit': fallback shader 'Universal Render Pipeline/Particles/SimpleLit' not found
Refreshing native plugins compatible for Editor in 5.97 ms, found 0 plugins.
Preloading 0 native plugins for Editor in 0.00 ms.
Unloading 3444 Unused Serialized files (Serialized files now loaded: 0)
System memory in use before: 157.9 MB.
System memory in use after: 155.3 MB.

Unloading 49 unused Assets to reduce memory usage. Loaded Objects now: 4197.
Total: 10.783800 ms (FindLiveObjects: 1.078100 ms CreateObjectMapping: 0.566100 ms MarkObjects: 6.093300 ms  DeleteObjects: 3.042300 ms)

========================================================================
Received Prepare
Registering precompiled user dll's ...
Registered in 0.016460 seconds.
Begin MonoManager ReloadAssembly
Native extension for WindowsStandalone target not found
Refreshing native plugins compatible for Editor in 1.76 ms, found 0 plugins.
Preloading 0 native plugins for Editor in 0.00 ms.
Mono: successfully reloaded assembly
- Completed reload, in  4.718 seconds
Platform modules already initialized, skipping
Shader 'Universal Render Pipeline/Particles/Lit': fallback shader 'Universal Render Pipeline/Particles/SimpleLit' not found
Shader 'Universal Render Pipeline/Particles/Lit': fallback shader 'Universal Render Pipeline/Particles/SimpleLit' not found
Refreshing native plugins compatible for Editor in 1.75 ms, found 0 plugins.
Preloading 0 native plugins for Editor in 0.00 ms.
Unloading 3444 Unused Serialized files (Serialized files now loaded: 0)
System memory in use before: 158.0 MB.
System memory in use after: 155.3 MB.

Unloading 49 unused Assets to reduce memory usage. Loaded Objects now: 4200.
Total: 11.569100 ms (FindLiveObjects: 1.159600 ms CreateObjectMapping: 0.663500 ms MarkObjects: 5.694800 ms  DeleteObjects: 4.047800 ms)

========================================================================
Received Prepare
Registering precompiled user dll's ...
Registered in 0.010001 seconds.
Begin MonoManager ReloadAssembly
Native extension for WindowsStandalone target not found
Refreshing native plugins compatible for Editor in 1.10 ms, found 0 plugins.
Preloading 0 native plugins for Editor in 0.00 ms.
Mono: successfully reloaded assembly
- Completed reload, in  2.610 seconds
Platform modules already initialized, skipping
Shader 'Universal Render Pipeline/Particles/Lit': fallback shader 'Universal Render Pipeline/Particles/SimpleLit' not found
Shader 'Universal Render Pipeline/Particles/Lit': fallback shader 'Universal Render Pipeline/Particles/SimpleLit' not found
Refreshing native plugins compatible for Editor in 1.35 ms, found 0 plugins.
Preloading 0 native plugins for Editor in 0.00 ms.
Unloading 3444 Unused Serialized files (Serialized files now loaded: 0)
System memory in use before: 158.0 MB.
System memory in use after: 155.3 MB.

Unloading 49 unused Assets to reduce memory usage. Loaded Objects now: 4203.
Total: 8.625900 ms (FindLiveObjects: 0.898500 ms CreateObjectMapping: 0.390800 ms MarkObjects: 4.025600 ms  DeleteObjects: 3.308600 ms)

========================================================================
Received Prepare
Registering precompiled user dll's ...
Registered in 0.008743 seconds.
Begin MonoManager ReloadAssembly
Native extension for WindowsStandalone target not found
Refreshing native plugins compatible for Editor in 2.00 ms, found 0 plugins.
Preloading 0 native plugins for Editor in 0.00 ms.
Mono: successfully reloaded assembly
- Completed reload, in  2.956 seconds
Platform modules already initialized, skipping
Shader 'Universal Render Pipeline/Particles/Lit': fallback shader 'Universal Render Pipeline/Particles/SimpleLit' not found
Shader 'Universal Render Pipeline/Particles/Lit': fallback shader 'Universal Render Pipeline/Particles/SimpleLit' not found
Refreshing native plugins compatible for Editor in 1.12 ms, found 0 plugins.
Preloading 0 native plugins for Editor in 0.00 ms.
Unloading 3444 Unused Serialized files (Serialized files now loaded: 0)
System memory in use before: 158.0 MB.
System memory in use after: 155.3 MB.

Unloading 49 unused Assets to reduce memory usage. Loaded Objects now: 4206.
Total: 8.979500 ms (FindLiveObjects: 0.672100 ms CreateObjectMapping: 0.318900 ms MarkObjects: 4.322500 ms  DeleteObjects: 3.662800 ms)

========================================================================
Received Prepare
Registering precompiled user dll's ...
Registered in 0.012220 seconds.
Begin MonoManager ReloadAssembly
Native extension for WindowsStandalone target not found
Refreshing native plugins compatible for Editor in 1.13 ms, found 0 plugins.
Preloading 0 native plugins for Editor in 0.00 ms.
Mono: successfully reloaded assembly
- Completed reload, in  3.162 seconds
Platform modules already initialized, skipping
Shader 'Universal Render Pipeline/Particles/Lit': fallback shader 'Universal Render Pipeline/Particles/SimpleLit' not found
Shader 'Universal Render Pipeline/Particles/Lit': fallback shader 'Universal Render Pipeline/Particles/SimpleLit' not found
Refreshing native plugins compatible for Editor in 1.43 ms, found 0 plugins.
Preloading 0 native plugins for Editor in 0.00 ms.
Unloading 3444 Unused Serialized files (Serialized files now loaded: 0)
System memory in use before: 158.0 MB.
System memory in use after: 155.3 MB.

Unloading 49 unused Assets to reduce memory usage. Loaded Objects now: 4209.
Total: 7.750900 ms (FindLiveObjects: 0.552100 ms CreateObjectMapping: 0.307400 ms MarkObjects: 3.396800 ms  DeleteObjects: 3.492300 ms)

========================================================================
Received Prepare
Registering precompiled user dll's ...
Registered in 0.009959 seconds.
Begin MonoManager ReloadAssembly
Native extension for WindowsStandalone target not found
Refreshing native plugins compatible for Editor in 1.54 ms, found 0 plugins.
Preloading 0 native plugins for Editor in 0.00 ms.
Mono: successfully reloaded assembly
- Completed reload, in  4.885 seconds
Platform modules already initialized, skipping
Shader 'Universal Render Pipeline/Particles/Lit': fallback shader 'Universal Render Pipeline/Particles/SimpleLit' not found
Shader 'Universal Render Pipeline/Particles/Lit': fallback shader 'Universal Render Pipeline/Particles/SimpleLit' not found
Refreshing native plugins compatible for Editor in 1.44 ms, found 0 plugins.
Preloading 0 native plugins for Editor in 0.00 ms.
Unloading 3444 Unused Serialized files (Serialized files now loaded: 0)
System memory in use before: 158.0 MB.
System memory in use after: 155.3 MB.

Unloading 49 unused Assets to reduce memory usage. Loaded Objects now: 4212.
Total: 10.850000 ms (FindLiveObjects: 1.106200 ms CreateObjectMapping: 0.570200 ms MarkObjects: 5.582900 ms  DeleteObjects: 3.588200 ms)

========================================================================
Received Prepare
Registering precompiled user dll's ...
Registered in 0.011322 seconds.
Begin MonoManager ReloadAssembly
Native extension for WindowsStandalone target not found
Refreshing native plugins compatible for Editor in 2.11 ms, found 0 plugins.
Preloading 0 native plugins for Editor in 0.00 ms.
Mono: successfully reloaded assembly
- Completed reload, in  4.725 seconds
Platform modules already initialized, skipping
Shader 'Universal Render Pipeline/Particles/Lit': fallback shader 'Universal Render Pipeline/Particles/SimpleLit' not found
Shader 'Universal Render Pipeline/Particles/Lit': fallback shader 'Universal Render Pipeline/Particles/SimpleLit' not found
Refreshing native plugins compatible for Editor in 6.65 ms, found 0 plugins.
Preloading 0 native plugins for Editor in 0.00 ms.
Unloading 3444 Unused Serialized files (Serialized files now loaded: 0)
System memory in use before: 158.0 MB.
System memory in use after: 155.3 MB.

Unloading 49 unused Assets to reduce memory usage. Loaded Objects now: 4215.
Total: 12.786700 ms (FindLiveObjects: 1.296500 ms CreateObjectMapping: 0.812800 ms MarkObjects: 6.643300 ms  DeleteObjects: 4.031300 ms)

========================================================================
Received Prepare
Registering precompiled user dll's ...
Registered in 0.014423 seconds.
Begin MonoManager ReloadAssembly
Native extension for WindowsStandalone target not found
Refreshing native plugins compatible for Editor in 0.92 ms, found 0 plugins.
Preloading 0 native plugins for Editor in 0.00 ms.
Mono: successfully reloaded assembly
- Completed reload, in  3.348 seconds
Platform modules already initialized, skipping
Shader 'Universal Render Pipeline/Particles/Lit': fallback shader 'Universal Render Pipeline/Particles/SimpleLit' not found
Shader 'Universal Render Pipeline/Particles/Lit': fallback shader 'Universal Render Pipeline/Particles/SimpleLit' not found
Refreshing native plugins compatible for Editor in 1.83 ms, found 0 plugins.
Preloading 0 native plugins for Editor in 0.00 ms.
Unloading 3444 Unused Serialized files (Serialized files now loaded: 0)
System memory in use before: 158.0 MB.
System memory in use after: 155.3 MB.

Unloading 49 unused Assets to reduce memory usage. Loaded Objects now: 4218.
Total: 9.083300 ms (FindLiveObjects: 0.557700 ms CreateObjectMapping: 0.290500 ms MarkObjects: 5.602200 ms  DeleteObjects: 2.630000 ms)

========================================================================
Received Prepare
Registering precompiled user dll's ...
Registered in 0.026203 seconds.
Begin MonoManager ReloadAssembly
Native extension for WindowsStandalone target not found
Refreshing native plugins compatible for Editor in 2.35 ms, found 0 plugins.
Preloading 0 native plugins for Editor in 0.00 ms.
Mono: successfully reloaded assembly
- Completed reload, in  3.330 seconds
Platform modules already initialized, skipping
Shader 'Universal Render Pipeline/Particles/Lit': fallback shader 'Universal Render Pipeline/Particles/SimpleLit' not found
Shader 'Universal Render Pipeline/Particles/Lit': fallback shader 'Universal Render Pipeline/Particles/SimpleLit' not found
Refreshing native plugins compatible for Editor in 1.72 ms, found 0 plugins.
Preloading 0 native plugins for Editor in 0.00 ms.
Unloading 3444 Unused Serialized files (Serialized files now loaded: 0)
System memory in use before: 158.0 MB.
System memory in use after: 155.3 MB.

Unloading 49 unused Assets to reduce memory usage. Loaded Objects now: 4221.
Total: 9.948000 ms (FindLiveObjects: 0.796000 ms CreateObjectMapping: 0.363800 ms MarkObjects: 6.082100 ms  DeleteObjects: 2.703200 ms)

========================================================================
Received Import Request.
  Time since last request: 1133.338631 seconds.
  path: Assets/Scenes/Lobby.unity
  artifactKey: Guid(7087c8fe98f236f47afd9e77698e8efa) Importer(815301076,1909f56bfc062723c751e8b465ee728b)
Start importing Assets/Scenes/Lobby.unity using Guid(7087c8fe98f236f47afd9e77698e8efa) Importer(815301076,1909f56bfc062723c751e8b465ee728b)  -> (artifact id: '145de7068703efd8b1bf37a425c09a8c') in 0.035308 seconds
  Import took 0.067663 seconds .

========================================================================
Received Prepare
Registering precompiled user dll's ...
Registered in 0.017424 seconds.
Begin MonoManager ReloadAssembly
Native extension for WindowsStandalone target not found
Refreshing native plugins compatible for Editor in 4.09 ms, found 0 plugins.
Preloading 0 native plugins for Editor in 0.00 ms.
Mono: successfully reloaded assembly
- Completed reload, in  7.301 seconds
Platform modules already initialized, skipping
Shader 'Universal Render Pipeline/Particles/Lit': fallback shader 'Universal Render Pipeline/Particles/SimpleLit' not found
Shader 'Universal Render Pipeline/Particles/Lit': fallback shader 'Universal Render Pipeline/Particles/SimpleLit' not found
Refreshing native plugins compatible for Editor in 1.64 ms, found 0 plugins.
Preloading 0 native plugins for Editor in 0.00 ms.
Unloading 3444 Unused Serialized files (Serialized files now loaded: 0)
System memory in use before: 158.0 MB.
System memory in use after: 155.3 MB.

Unloading 49 unused Assets to reduce memory usage. Loaded Objects now: 4224.
Total: 16.657100 ms (FindLiveObjects: 3.106800 ms CreateObjectMapping: 1.049300 ms MarkObjects: 7.760300 ms  DeleteObjects: 4.738500 ms)

========================================================================
Received Prepare
Shader 'Universal Render Pipeline/Particles/Lit': fallback shader 'Universal Render Pipeline/Particles/SimpleLit' not found
Shader 'Universal Render Pipeline/Particles/Lit': fallback shader 'Universal Render Pipeline/Particles/SimpleLit' not found
Refreshing native plugins compatible for Editor in 16.40 ms, found 0 plugins.
Preloading 0 native plugins for Editor in 0.00 ms.
Unloading 46 Unused Serialized files (Serialized files now loaded: 0)
System memory in use before: 90.5 MB.
System memory in use after: 87.8 MB.

Unloading 46 unused Assets to reduce memory usage. Loaded Objects now: 4224.
Total: 13.492400 ms (FindLiveObjects: 1.043800 ms CreateObjectMapping: 0.343900 ms MarkObjects: 8.390200 ms  DeleteObjects: 3.711500 ms)

========================================================================
Received Import Request.
  Time since last request: 282.960108 seconds.
  path: Assets/Scenes/Breakout.unity
  artifactKey: Guid(b66cdb76d6b5b954ea679b39dbf61f56) Importer(815301076,1909f56bfc062723c751e8b465ee728b)
Start importing Assets/Scenes/Breakout.unity using Guid(b66cdb76d6b5b954ea679b39dbf61f56) Importer(815301076,1909f56bfc062723c751e8b465ee728b)  -> (artifact id: 'b49f8fbc7b83ea82f732ca6119db0042') in 0.070507 seconds
  Import took 0.113548 seconds .

========================================================================
Received Prepare
Registering precompiled user dll's ...
Registered in 0.019049 seconds.
Begin MonoManager ReloadAssembly
Native extension for WindowsStandalone target not found
Refreshing native plugins compatible for Editor in 4.70 ms, found 0 plugins.
Preloading 0 native plugins for Editor in 0.00 ms.
Mono: successfully reloaded assembly
- Completed reload, in  7.175 seconds
Platform modules already initialized, skipping
Shader 'Universal Render Pipeline/Particles/Lit': fallback shader 'Universal Render Pipeline/Particles/SimpleLit' not found
Shader 'Universal Render Pipeline/Particles/Lit': fallback shader 'Universal Render Pipeline/Particles/SimpleLit' not found
Refreshing native plugins compatible for Editor in 1.00 ms, found 0 plugins.
Preloading 0 native plugins for Editor in 0.00 ms.
Unloading 3444 Unused Serialized files (Serialized files now loaded: 0)
System memory in use before: 158.1 MB.
System memory in use after: 155.3 MB.

Unloading 49 unused Assets to reduce memory usage. Loaded Objects now: 4227.
Total: 8.233700 ms (FindLiveObjects: 0.797600 ms CreateObjectMapping: 0.410500 ms MarkObjects: 4.252700 ms  DeleteObjects: 2.770000 ms)

========================================================================
Received Prepare
Registering precompiled user dll's ...
Registered in 0.011724 seconds.
Begin MonoManager ReloadAssembly
Native extension for WindowsStandalone target not found
Refreshing native plugins compatible for Editor in 40.47 ms, found 0 plugins.
Preloading 0 native plugins for Editor in 0.00 ms.
Mono: successfully reloaded assembly
- Completed reload, in  4.724 seconds
Platform modules already initialized, skipping
Shader 'Universal Render Pipeline/Particles/Lit': fallback shader 'Universal Render Pipeline/Particles/SimpleLit' not found
Shader 'Universal Render Pipeline/Particles/Lit': fallback shader 'Universal Render Pipeline/Particles/SimpleLit' not found
Refreshing native plugins compatible for Editor in 4.62 ms, found 0 plugins.
Preloading 0 native plugins for Editor in 0.00 ms.
Unloading 3444 Unused Serialized files (Serialized files now loaded: 0)
System memory in use before: 158.1 MB.
System memory in use after: 155.3 MB.

Unloading 49 unused Assets to reduce memory usage. Loaded Objects now: 4230.
Total: 19.580100 ms (FindLiveObjects: 1.054000 ms CreateObjectMapping: 0.416600 ms MarkObjects: 13.333500 ms  DeleteObjects: 4.773000 ms)

========================================================================
Received Prepare
Registering precompiled user dll's ...
Registered in 0.017769 seconds.
Begin MonoManager ReloadAssembly
Native extension for WindowsStandalone target not found
Refreshing native plugins compatible for Editor in 0.94 ms, found 0 plugins.
Preloading 0 native plugins for Editor in 0.00 ms.
Mono: successfully reloaded assembly
- Completed reload, in  5.507 seconds
Platform modules already initialized, skipping
Shader 'Universal Render Pipeline/Particles/Lit': fallback shader 'Universal Render Pipeline/Particles/SimpleLit' not found
Shader 'Universal Render Pipeline/Particles/Lit': fallback shader 'Universal Render Pipeline/Particles/SimpleLit' not found
Refreshing native plugins compatible for Editor in 4.03 ms, found 0 plugins.
Preloading 0 native plugins for Editor in 0.00 ms.
Unloading 3444 Unused Serialized files (Serialized files now loaded: 0)
System memory in use before: 158.0 MB.
System memory in use after: 155.3 MB.

Unloading 49 unused Assets to reduce memory usage. Loaded Objects now: 4233.
Total: 11.039100 ms (FindLiveObjects: 0.603000 ms CreateObjectMapping: 0.287100 ms MarkObjects: 5.257500 ms  DeleteObjects: 4.889300 ms)

========================================================================
Received Prepare
Registering precompiled user dll's ...
Registered in 0.015043 seconds.
Begin MonoManager ReloadAssembly
Native extension for WindowsStandalone target not found
Refreshing native plugins compatible for Editor in 1.51 ms, found 0 plugins.
Preloading 0 native plugins for Editor in 0.00 ms.
Mono: successfully reloaded assembly
- Completed reload, in  3.267 seconds
Platform modules already initialized, skipping
Shader 'Universal Render Pipeline/Particles/Lit': fallback shader 'Universal Render Pipeline/Particles/SimpleLit' not found
Shader 'Universal Render Pipeline/Particles/Lit': fallback shader 'Universal Render Pipeline/Particles/SimpleLit' not found
Refreshing native plugins compatible for Editor in 1.62 ms, found 0 plugins.
Preloading 0 native plugins for Editor in 0.00 ms.
Unloading 3444 Unused Serialized files (Serialized files now loaded: 0)
System memory in use before: 158.1 MB.
System memory in use after: 155.4 MB.

Unloading 49 unused Assets to reduce memory usage. Loaded Objects now: 4236.
Total: 11.935200 ms (FindLiveObjects: 0.807500 ms CreateObjectMapping: 0.342900 ms MarkObjects: 7.511000 ms  DeleteObjects: 3.267900 ms)

========================================================================
Received Prepare
Registering precompiled user dll's ...
Registered in 0.009158 seconds.
Begin MonoManager ReloadAssembly
Native extension for WindowsStandalone target not found
Refreshing native plugins compatible for Editor in 1.67 ms, found 0 plugins.
Preloading 0 native plugins for Editor in 0.00 ms.
Mono: successfully reloaded assembly
- Completed reload, in  4.132 seconds
Platform modules already initialized, skipping
Shader 'Universal Render Pipeline/Particles/Lit': fallback shader 'Universal Render Pipeline/Particles/SimpleLit' not found
Shader 'Universal Render Pipeline/Particles/Lit': fallback shader 'Universal Render Pipeline/Particles/SimpleLit' not found
Refreshing native plugins compatible for Editor in 1.04 ms, found 0 plugins.
Preloading 0 native plugins for Editor in 0.00 ms.
Unloading 3444 Unused Serialized files (Serialized files now loaded: 0)
System memory in use before: 158.1 MB.
System memory in use after: 155.4 MB.

Unloading 49 unused Assets to reduce memory usage. Loaded Objects now: 4239.
Total: 14.403600 ms (FindLiveObjects: 2.419900 ms CreateObjectMapping: 0.617900 ms MarkObjects: 6.704200 ms  DeleteObjects: 4.658800 ms)

========================================================================
Received Prepare
Registering precompiled user dll's ...
Registered in 0.011022 seconds.
Begin MonoManager ReloadAssembly
Native extension for WindowsStandalone target not found
Refreshing native plugins compatible for Editor in 1.45 ms, found 0 plugins.
Preloading 0 native plugins for Editor in 0.00 ms.
Mono: successfully reloaded assembly
- Completed reload, in  3.125 seconds
Platform modules already initialized, skipping
Shader 'Universal Render Pipeline/Particles/Lit': fallback shader 'Universal Render Pipeline/Particles/SimpleLit' not found
Shader 'Universal Render Pipeline/Particles/Lit': fallback shader 'Universal Render Pipeline/Particles/SimpleLit' not found
Refreshing native plugins compatible for Editor in 0.91 ms, found 0 plugins.
Preloading 0 native plugins for Editor in 0.00 ms.
Unloading 3444 Unused Serialized files (Serialized files now loaded: 0)
System memory in use before: 158.1 MB.
System memory in use after: 155.4 MB.

Unloading 49 unused Assets to reduce memory usage. Loaded Objects now: 4242.
Total: 8.092700 ms (FindLiveObjects: 1.048600 ms CreateObjectMapping: 0.374500 ms MarkObjects: 3.952200 ms  DeleteObjects: 2.712700 ms)

========================================================================
Received Prepare
Registering precompiled user dll's ...
Registered in 0.013107 seconds.
Begin MonoManager ReloadAssembly
Native extension for WindowsStandalone target not found
Refreshing native plugins compatible for Editor in 2.17 ms, found 0 plugins.
Preloading 0 native plugins for Editor in 0.00 ms.
Mono: successfully reloaded assembly
- Completed reload, in  4.361 seconds
Platform modules already initialized, skipping
Shader 'Universal Render Pipeline/Particles/Lit': fallback shader 'Universal Render Pipeline/Particles/SimpleLit' not found
Shader 'Universal Render Pipeline/Particles/Lit': fallback shader 'Universal Render Pipeline/Particles/SimpleLit' not found
Refreshing native plugins compatible for Editor in 1.01 ms, found 0 plugins.
Preloading 0 native plugins for Editor in 0.00 ms.
Unloading 3444 Unused Serialized files (Serialized files now loaded: 0)
System memory in use before: 158.1 MB.
System memory in use after: 155.4 MB.

Unloading 49 unused Assets to reduce memory usage. Loaded Objects now: 4245.
Total: 14.560100 ms (FindLiveObjects: 1.780500 ms CreateObjectMapping: 0.568000 ms MarkObjects: 7.785700 ms  DeleteObjects: 4.419500 ms)

========================================================================
Received Prepare
Registering precompiled user dll's ...
Registered in 0.014965 seconds.
Begin MonoManager ReloadAssembly
Native extension for WindowsStandalone target not found
Refreshing native plugins compatible for Editor in 1.41 ms, found 0 plugins.
Preloading 0 native plugins for Editor in 0.00 ms.
Mono: successfully reloaded assembly
- Completed reload, in  4.079 seconds
Platform modules already initialized, skipping
Shader 'Universal Render Pipeline/Particles/Lit': fallback shader 'Universal Render Pipeline/Particles/SimpleLit' not found
Shader 'Universal Render Pipeline/Particles/Lit': fallback shader 'Universal Render Pipeline/Particles/SimpleLit' not found
Refreshing native plugins compatible for Editor in 2.22 ms, found 0 plugins.
Preloading 0 native plugins for Editor in 0.00 ms.
Unloading 3444 Unused Serialized files (Serialized files now loaded: 0)
System memory in use before: 158.1 MB.
System memory in use after: 155.4 MB.

Unloading 49 unused Assets to reduce memory usage. Loaded Objects now: 4248.
Total: 10.715400 ms (FindLiveObjects: 1.066100 ms CreateObjectMapping: 0.460300 ms MarkObjects: 6.120900 ms  DeleteObjects: 3.065500 ms)

========================================================================
Received Prepare
Registering precompiled user dll's ...
Registered in 0.012834 seconds.
Begin MonoManager ReloadAssembly
Native extension for WindowsStandalone target not found
Refreshing native plugins compatible for Editor in 0.94 ms, found 0 plugins.
Preloading 0 native plugins for Editor in 0.00 ms.
Mono: successfully reloaded assembly
- Completed reload, in  4.489 seconds
Platform modules already initialized, skipping
Shader 'Universal Render Pipeline/Particles/Lit': fallback shader 'Universal Render Pipeline/Particles/SimpleLit' not found
Shader 'Universal Render Pipeline/Particles/Lit': fallback shader 'Universal Render Pipeline/Particles/SimpleLit' not found
Refreshing native plugins compatible for Editor in 1.28 ms, found 0 plugins.
Preloading 0 native plugins for Editor in 0.00 ms.
Unloading 3444 Unused Serialized files (Serialized files now loaded: 0)
System memory in use before: 158.1 MB.
System memory in use after: 155.4 MB.

Unloading 49 unused Assets to reduce memory usage. Loaded Objects now: 4251.
Total: 15.391000 ms (FindLiveObjects: 2.089000 ms CreateObjectMapping: 0.801500 ms MarkObjects: 5.494700 ms  DeleteObjects: 7.002100 ms)

========================================================================
Received Prepare
Registering precompiled user dll's ...
Registered in 0.013811 seconds.
Begin MonoManager ReloadAssembly
Native extension for WindowsStandalone target not found
Refreshing native plugins compatible for Editor in 1.51 ms, found 0 plugins.
Preloading 0 native plugins for Editor in 0.00 ms.
Mono: successfully reloaded assembly
- Completed reload, in  3.557 seconds
Platform modules already initialized, skipping
Shader 'Universal Render Pipeline/Particles/Lit': fallback shader 'Universal Render Pipeline/Particles/SimpleLit' not found
Shader 'Universal Render Pipeline/Particles/Lit': fallback shader 'Universal Render Pipeline/Particles/SimpleLit' not found
Refreshing native plugins compatible for Editor in 1.12 ms, found 0 plugins.
Preloading 0 native plugins for Editor in 0.00 ms.
Unloading 3444 Unused Serialized files (Serialized files now loaded: 0)
System memory in use before: 158.1 MB.
System memory in use after: 155.4 MB.

Unloading 49 unused Assets to reduce memory usage. Loaded Objects now: 4254.
Total: 8.056800 ms (FindLiveObjects: 0.651900 ms CreateObjectMapping: 0.301200 ms MarkObjects: 3.762700 ms  DeleteObjects: 3.339400 ms)

========================================================================
Received Prepare
Registering precompiled user dll's ...
Registered in 0.010293 seconds.
Begin MonoManager ReloadAssembly
Native extension for WindowsStandalone target not found
Refreshing native plugins compatible for Editor in 0.97 ms, found 0 plugins.
Preloading 0 native plugins for Editor in 0.00 ms.
Mono: successfully reloaded assembly
- Completed reload, in  4.701 seconds
Platform modules already initialized, skipping
Shader 'Universal Render Pipeline/Particles/Lit': fallback shader 'Universal Render Pipeline/Particles/SimpleLit' not found
Shader 'Universal Render Pipeline/Particles/Lit': fallback shader 'Universal Render Pipeline/Particles/SimpleLit' not found
Refreshing native plugins compatible for Editor in 8.77 ms, found 0 plugins.
Preloading 0 native plugins for Editor in 0.00 ms.
Unloading 3444 Unused Serialized files (Serialized files now loaded: 0)
System memory in use before: 158.1 MB.
System memory in use after: 155.4 MB.

Unloading 49 unused Assets to reduce memory usage. Loaded Objects now: 4257.
Total: 10.209500 ms (FindLiveObjects: 1.028000 ms CreateObjectMapping: 0.383700 ms MarkObjects: 3.963000 ms  DeleteObjects: 4.831800 ms)

========================================================================
Received Prepare
Registering precompiled user dll's ...
Registered in 0.016842 seconds.
Begin MonoManager ReloadAssembly
Native extension for WindowsStandalone target not found
Refreshing native plugins compatible for Editor in 2.39 ms, found 0 plugins.
Preloading 0 native plugins for Editor in 0.00 ms.
Mono: successfully reloaded assembly
- Completed reload, in  5.109 seconds
Platform modules already initialized, skipping
Shader 'Universal Render Pipeline/Particles/Lit': fallback shader 'Universal Render Pipeline/Particles/SimpleLit' not found
Shader 'Universal Render Pipeline/Particles/Lit': fallback shader 'Universal Render Pipeline/Particles/SimpleLit' not found
Refreshing native plugins compatible for Editor in 1.26 ms, found 0 plugins.
Preloading 0 native plugins for Editor in 0.00 ms.
Unloading 3444 Unused Serialized files (Serialized files now loaded: 0)
System memory in use before: 158.1 MB.
System memory in use after: 155.4 MB.

Unloading 49 unused Assets to reduce memory usage. Loaded Objects now: 4260.
Total: 15.431400 ms (FindLiveObjects: 0.584100 ms CreateObjectMapping: 0.425100 ms MarkObjects: 9.909500 ms  DeleteObjects: 4.510100 ms)

========================================================================
Received Prepare
Registering precompiled user dll's ...
Registered in 0.017586 seconds.
Begin MonoManager ReloadAssembly
Native extension for WindowsStandalone target not found
Refreshing native plugins compatible for Editor in 1.69 ms, found 0 plugins.
Preloading 0 native plugins for Editor in 0.00 ms.
Mono: successfully reloaded assembly
- Completed reload, in  6.491 seconds
Platform modules already initialized, skipping
Shader 'Universal Render Pipeline/Particles/Lit': fallback shader 'Universal Render Pipeline/Particles/SimpleLit' not found
Shader 'Universal Render Pipeline/Particles/Lit': fallback shader 'Universal Render Pipeline/Particles/SimpleLit' not found
Refreshing native plugins compatible for Editor in 0.93 ms, found 0 plugins.
Preloading 0 native plugins for Editor in 0.00 ms.
Unloading 3444 Unused Serialized files (Serialized files now loaded: 0)
System memory in use before: 158.1 MB.
System memory in use after: 155.4 MB.

Unloading 49 unused Assets to reduce memory usage. Loaded Objects now: 4263.
Total: 13.869600 ms (FindLiveObjects: 1.172800 ms CreateObjectMapping: 0.449100 ms MarkObjects: 8.977500 ms  DeleteObjects: 3.266900 ms)

========================================================================
Received Prepare
Shader 'Universal Render Pipeline/Particles/Lit': fallback shader 'Universal Render Pipeline/Particles/SimpleLit' not found
Shader 'Universal Render Pipeline/Particles/Lit': fallback shader 'Universal Render Pipeline/Particles/SimpleLit' not found
Refreshing native plugins compatible for Editor in 4.04 ms, found 0 plugins.
Preloading 0 native plugins for Editor in 0.00 ms.
Unloading 46 Unused Serialized files (Serialized files now loaded: 0)
System memory in use before: 90.7 MB.
System memory in use after: 87.9 MB.

Unloading 46 unused Assets to reduce memory usage. Loaded Objects now: 4263.
Total: 8.566000 ms (FindLiveObjects: 0.583000 ms CreateObjectMapping: 0.324900 ms MarkObjects: 5.073500 ms  DeleteObjects: 2.582100 ms)

========================================================================
Received Prepare
Registering precompiled user dll's ...
Registered in 0.012395 seconds.
Begin MonoManager ReloadAssembly
Native extension for WindowsStandalone target not found
Refreshing native plugins compatible for Editor in 1.73 ms, found 0 plugins.
Preloading 0 native plugins for Editor in 0.00 ms.
Mono: successfully reloaded assembly
- Completed reload, in  2.960 seconds
Platform modules already initialized, skipping
Shader 'Universal Render Pipeline/Particles/Lit': fallback shader 'Universal Render Pipeline/Particles/SimpleLit' not found
Shader 'Universal Render Pipeline/Particles/Lit': fallback shader 'Universal Render Pipeline/Particles/SimpleLit' not found
Refreshing native plugins compatible for Editor in 1.10 ms, found 0 plugins.
Preloading 0 native plugins for Editor in 0.00 ms.
Unloading 3444 Unused Serialized files (Serialized files now loaded: 0)
System memory in use before: 158.2 MB.
System memory in use after: 155.4 MB.

Unloading 49 unused Assets to reduce memory usage. Loaded Objects now: 4266.
Total: 9.112700 ms (FindLiveObjects: 1.109100 ms CreateObjectMapping: 0.594700 ms MarkObjects: 4.438500 ms  DeleteObjects: 2.966800 ms)

========================================================================
Received Prepare
Registering precompiled user dll's ...
Registered in 0.009482 seconds.
Begin MonoManager ReloadAssembly
Native extension for WindowsStandalone target not found
Refreshing native plugins compatible for Editor in 1.47 ms, found 0 plugins.
Preloading 0 native plugins for Editor in 0.00 ms.
Mono: successfully reloaded assembly
- Completed reload, in  4.101 seconds
Platform modules already initialized, skipping
Shader 'Universal Render Pipeline/Particles/Lit': fallback shader 'Universal Render Pipeline/Particles/SimpleLit' not found
Shader 'Universal Render Pipeline/Particles/Lit': fallback shader 'Universal Render Pipeline/Particles/SimpleLit' not found
Refreshing native plugins compatible for Editor in 1.00 ms, found 0 plugins.
Preloading 0 native plugins for Editor in 0.00 ms.
Unloading 3444 Unused Serialized files (Serialized files now loaded: 0)
System memory in use before: 158.1 MB.
System memory in use after: 155.4 MB.

Unloading 49 unused Assets to reduce memory usage. Loaded Objects now: 4269.
Total: 11.482100 ms (FindLiveObjects: 0.993400 ms CreateObjectMapping: 0.497700 ms MarkObjects: 6.331200 ms  DeleteObjects: 3.657600 ms)

========================================================================
Received Import Request.
  Time since last request: 1096.386491 seconds.
  path: Assets/Scenes/Breakout.unity
  artifactKey: Guid(b66cdb76d6b5b954ea679b39dbf61f56) Importer(815301076,1909f56bfc062723c751e8b465ee728b)
Start importing Assets/Scenes/Breakout.unity using Guid(b66cdb76d6b5b954ea679b39dbf61f56) Importer(815301076,1909f56bfc062723c751e8b465ee728b)  -> (artifact id: '6bb1749515ce83334d261bfbfac3072b') in 0.034113 seconds
  Import took 0.045569 seconds .

========================================================================
Received Import Request.
  Time since last request: 2.264913 seconds.
  path: Assets/Scenes/Breakout.unity
  artifactKey: Guid(b66cdb76d6b5b954ea679b39dbf61f56) Importer(815301076,1909f56bfc062723c751e8b465ee728b)
Start importing Assets/Scenes/Breakout.unity using Guid(b66cdb76d6b5b954ea679b39dbf61f56) Importer(815301076,1909f56bfc062723c751e8b465ee728b)  -> (artifact id: '6bb1749515ce83334d261bfbfac3072b') in 0.010591 seconds
  Import took 0.022941 seconds .

========================================================================
Received Prepare
Registering precompiled user dll's ...
Registered in 0.014012 seconds.
Begin MonoManager ReloadAssembly
Native extension for WindowsStandalone target not found
Refreshing native plugins compatible for Editor in 1.79 ms, found 0 plugins.
Preloading 0 native plugins for Editor in 0.00 ms.
Mono: successfully reloaded assembly
- Completed reload, in  4.699 seconds
Platform modules already initialized, skipping
Shader 'Universal Render Pipeline/Particles/Lit': fallback shader 'Universal Render Pipeline/Particles/SimpleLit' not found
Shader 'Universal Render Pipeline/Particles/Lit': fallback shader 'Universal Render Pipeline/Particles/SimpleLit' not found
Refreshing native plugins compatible for Editor in 3.62 ms, found 0 plugins.
Preloading 0 native plugins for Editor in 0.00 ms.
Unloading 3444 Unused Serialized files (Serialized files now loaded: 0)
System memory in use before: 158.1 MB.
System memory in use after: 155.4 MB.

Unloading 49 unused Assets to reduce memory usage. Loaded Objects now: 4272.
Total: 16.121700 ms (FindLiveObjects: 1.015500 ms CreateObjectMapping: 0.430100 ms MarkObjects: 7.618300 ms  DeleteObjects: 7.055700 ms)

========================================================================
Received Prepare
Shader 'Universal Render Pipeline/Particles/Lit': fallback shader 'Universal Render Pipeline/Particles/SimpleLit' not found
Shader 'Universal Render Pipeline/Particles/Lit': fallback shader 'Universal Render Pipeline/Particles/SimpleLit' not found
Refreshing native plugins compatible for Editor in 5.19 ms, found 0 plugins.
Preloading 0 native plugins for Editor in 0.00 ms.
Unloading 46 Unused Serialized files (Serialized files now loaded: 0)
System memory in use before: 90.6 MB.
System memory in use after: 88.0 MB.

Unloading 46 unused Assets to reduce memory usage. Loaded Objects now: 4272.
Total: 12.404800 ms (FindLiveObjects: 1.426700 ms CreateObjectMapping: 0.659100 ms MarkObjects: 6.265100 ms  DeleteObjects: 4.051200 ms)

