Using pre-set license
Built from '2020.3/release' branch; Version is '2020.3.7f1 (dd97f2c94397) revision 14522354'; Using compiler version '192528614'; Build Type 'Release'
OS: 'Windows 10 Pro; OS build 19041.1348; Version 2004; 64bit' Language: 'en' Physical Memory: 16318 MB
BatchMode: 1, IsHumanControllingUs: 0, StartBugReporterOnCrash: 0, Is64bit: 1, IsPro: 0

 COMMAND LINE ARGUMENTS:
C:\Program Files\Unity\Hub\Editor\2020.3.7f1\Editor\Unity.exe
-adb2
-batchMode
-noUpm
-name
AssetImportWorker2
-projectPath
D:/Documents/GitHub/PhatLootBreakoutTest
-logFile
Logs/AssetImportWorker2.log
-srvPort
62372
Successfully changed project path to: D:/Documents/GitHub/PhatLootBreakoutTest
D:/Documents/GitHub/PhatLootBreakoutTest
Using Asset Import Pipeline V2.
Refreshing native plugins compatible for Editor in 72.36 ms, found 0 plugins.
Preloading 0 native plugins for Editor in 0.00 ms.
Initialize engine version: 2020.3.7f1 (dd97f2c94397)
[Subsystems] Discovering subsystems at path C:/Program Files/Unity/Hub/Editor/2020.3.7f1/Editor/Data/Resources/UnitySubsystems
[Subsystems] Discovering subsystems at path D:/Documents/GitHub/PhatLootBreakoutTest/Assets
GfxDevice: creating device client; threaded=0
Direct3D:
    Version:  Direct3D 11.0 [level 11.1]
    Renderer: NVIDIA GeForce RTX 2060 (ID=0x1f08)
    Vendor:   
    VRAM:     5980 MB
    Driver:   30.0.14.7168
Initialize mono
Mono path[0] = 'C:/Program Files/Unity/Hub/Editor/2020.3.7f1/Editor/Data/Managed'
Mono path[1] = 'C:/Program Files/Unity/Hub/Editor/2020.3.7f1/Editor/Data/MonoBleedingEdge/lib/mono/unityjit'
Mono config path = 'C:/Program Files/Unity/Hub/Editor/2020.3.7f1/Editor/Data/MonoBleedingEdge/etc'
Using monoOptions --debugger-agent=transport=dt_socket,embedding=1,server=y,suspend=n,address=127.0.0.1:56800
Begin MonoManager ReloadAssembly
Registering precompiled unity dll's ...
Register platform support module: C:/Program Files/Unity/Hub/Editor/2020.3.7f1/Editor/Data/PlaybackEngines/WindowsStandaloneSupport/UnityEditor.WindowsStandalone.Extensions.dll
Registered in 0.003258 seconds.
Native extension for WindowsStandalone target not found
Refreshing native plugins compatible for Editor in 83.63 ms, found 0 plugins.
Preloading 0 native plugins for Editor in 0.00 ms.
Mono: successfully reloaded assembly
- Completed reload, in  4.036 seconds
Platform modules already initialized, skipping
Registering precompiled user dll's ...
Registered in 0.002502 seconds.
Begin MonoManager ReloadAssembly
Native extension for WindowsStandalone target not found
Refreshing native plugins compatible for Editor in 101.80 ms, found 0 plugins.
Preloading 0 native plugins for Editor in 0.00 ms.
Mono: successfully reloaded assembly
- Completed reload, in  2.445 seconds
Platform modules already initialized, skipping
========================================================================
Worker process is ready to serve import requests
Shader 'Universal Render Pipeline/Particles/Lit': fallback shader 'Universal Render Pipeline/Particles/SimpleLit' not found
Shader 'Universal Render Pipeline/Particles/Lit': fallback shader 'Universal Render Pipeline/Particles/SimpleLit' not found
Launched and connected shader compiler UnityShaderCompiler.exe after 0.25 seconds
Refreshing native plugins compatible for Editor in 0.64 ms, found 0 plugins.
Preloading 0 native plugins for Editor in 0.00 ms.
Unloading 3252 Unused Serialized files (Serialized files now loaded: 0)
System memory in use before: 149.7 MB.
System memory in use after: 146.9 MB.

Unloading 48 unused Assets to reduce memory usage. Loaded Objects now: 3678.
Total: 4.798000 ms (FindLiveObjects: 0.398800 ms CreateObjectMapping: 0.215700 ms MarkObjects: 2.478700 ms  DeleteObjects: 1.703300 ms)

========================================================================
Received Import Request.
  path: Assets/scrScoreText.cs
  artifactKey: Guid(a28aa21e084f7c24cab384b1fecdb232) Importer(815301076,1909f56bfc062723c751e8b465ee728b)
Start importing Assets/scrScoreText.cs using Guid(a28aa21e084f7c24cab384b1fecdb232) Importer(815301076,1909f56bfc062723c751e8b465ee728b)  -> (artifact id: '5016809d45a3a0bd02eb62fee49ccc13') in 0.380826 seconds
  Import took 0.430328 seconds .

========================================================================
Received Prepare
Registering precompiled user dll's ...
Registered in 0.005779 seconds.
Begin MonoManager ReloadAssembly
Native extension for WindowsStandalone target not found
Refreshing native plugins compatible for Editor in 1.17 ms, found 0 plugins.
Preloading 0 native plugins for Editor in 0.00 ms.
[ScriptCompilation] NOT recompiling all scripts because this is an import worker process. Reason to compile was: Define symbols changed
Enter Play Mode Options are not supported by Mirror. Please disable 'ProjectSettings -> Editor -> Enter Play Mode Settings (Experimental)'.
UnityEngine.StackTraceUtility:ExtractStackTrace ()
UnityEngine.DebugLogHandler:LogFormat (UnityEngine.LogType,UnityEngine.Object,string,object[])
UnityEngine.Logger:Log (UnityEngine.LogType,object)
UnityEngine.Debug:LogError (object)
Mirror.EnterPlayModeSettingsCheck:CheckPlayModeOptions () (at Assets/Mirror/Editor/EnterPlayModeSettingsCheck.cs:46)
Mirror.EnterPlayModeSettingsCheck:OnInitializeOnLoad () (at Assets/Mirror/Editor/EnterPlayModeSettingsCheck.cs:18)

(Filename: Assets/Mirror/Editor/EnterPlayModeSettingsCheck.cs Line: 46)

Mono: successfully reloaded assembly
- Completed reload, in  4.960 seconds
Platform modules already initialized, skipping
Shader 'Universal Render Pipeline/Particles/Lit': fallback shader 'Universal Render Pipeline/Particles/SimpleLit' not found
Shader 'Universal Render Pipeline/Particles/Lit': fallback shader 'Universal Render Pipeline/Particles/SimpleLit' not found
Refreshing native plugins compatible for Editor in 1.95 ms, found 0 plugins.
Preloading 0 native plugins for Editor in 0.00 ms.
Unloading 3411 Unused Serialized files (Serialized files now loaded: 0)
System memory in use before: 150.7 MB.
System memory in use after: 148.0 MB.

Unloading 48 unused Assets to reduce memory usage. Loaded Objects now: 3965.
Total: 13.563200 ms (FindLiveObjects: 0.682500 ms CreateObjectMapping: 0.367400 ms MarkObjects: 8.690800 ms  DeleteObjects: 3.819700 ms)

========================================================================
Received Prepare
Registering precompiled user dll's ...
Registered in 0.005610 seconds.
Begin MonoManager ReloadAssembly
Native extension for WindowsStandalone target not found
Refreshing native plugins compatible for Editor in 1.52 ms, found 0 plugins.
Preloading 0 native plugins for Editor in 0.00 ms.
Mono: successfully reloaded assembly
- Completed reload, in  3.622 seconds
Platform modules already initialized, skipping
Shader 'Universal Render Pipeline/Particles/Lit': fallback shader 'Universal Render Pipeline/Particles/SimpleLit' not found
Shader 'Universal Render Pipeline/Particles/Lit': fallback shader 'Universal Render Pipeline/Particles/SimpleLit' not found
Refreshing native plugins compatible for Editor in 6.94 ms, found 0 plugins.
Preloading 0 native plugins for Editor in 0.00 ms.
Unloading 3424 Unused Serialized files (Serialized files now loaded: 0)
System memory in use before: 151.1 MB.
System memory in use after: 148.4 MB.

Unloading 48 unused Assets to reduce memory usage. Loaded Objects now: 3981.
Total: 17.206700 ms (FindLiveObjects: 0.702700 ms CreateObjectMapping: 0.785800 ms MarkObjects: 9.057700 ms  DeleteObjects: 6.657600 ms)

========================================================================
Received Import Request.
  Time since last request: 874.055909 seconds.
  path: Assets/Mirror
  artifactKey: Guid(5cf8eb36be0834b3da408c694a41cb88) Importer(815301076,1909f56bfc062723c751e8b465ee728b)
Start importing Assets/Mirror using Guid(5cf8eb36be0834b3da408c694a41cb88) Importer(815301076,1909f56bfc062723c751e8b465ee728b)  -> (artifact id: 'd3b664b08ea713126c6716c022141382') in 0.021335 seconds
  Import took 0.033239 seconds .

========================================================================
Received Import Request.
  Time since last request: 1.204133 seconds.
  path: Assets/Mirror/Readme.txt
  artifactKey: Guid(f6d84e019c68446f28415a923b460a03) Importer(815301076,1909f56bfc062723c751e8b465ee728b)
Start importing Assets/Mirror/Readme.txt using Guid(f6d84e019c68446f28415a923b460a03) Importer(815301076,1909f56bfc062723c751e8b465ee728b)  -> (artifact id: '6885cdf558fbfda5d47c2538f37a1081') in 0.226613 seconds
  Import took 0.237230 seconds .

AssetImportWorkerClient::OnTransportError - code=2 error=End of file
